#
# There is insufficient memory for the Java Runtime Environment to continue.
# Native memory allocation (mmap) failed to map 13631488 bytes for committing reserved memory.
# Possible reasons:
#   The system is out of physical RAM or swap space
#   In 32 bit mode, the process size limit was hit
# Possible solutions:
#   Reduce memory load on the system
#   Increase physical memory or swap space
#   Check if swap backing store is full
#   Use 64 bit Java on a 64 bit OS
#   Decrease Java heap size (-Xmx/-Xms)
#   Decrease number of Java threads
#   Decrease Java thread stack sizes (-Xss)
#   Set larger code cache with -XX:ReservedCodeCacheSize=
# This output file may be truncated or incomplete.
#
#  Out of Memory Error (os_linux.cpp:2718), pid=10027, tid=139890964510464
#
# JRE version: Java(TM) SE Runtime Environment (8.0_05-b13) (build 1.8.0_05-b13)
# Java VM: Java HotSpot(TM) 64-Bit Server VM (25.5-b02 mixed mode linux-amd64 compressed oops)
# Failed to write core dump. Core dumps have been disabled. To enable core dumping, try "ulimit -c unlimited" before starting Java again
#

---------------  T H R E A D  ---------------

Current thread (0x00007f3afc073800):  VMThread [stack: 0x00007f3ae72f3000,0x00007f3ae73f4000] [id=10036]

Stack: [0x00007f3ae72f3000,0x00007f3ae73f4000],  sp=0x00007f3ae73f1f20,  free space=1019k
Native frames: (J=compiled Java code, j=interpreted, Vv=VM code, C=native code)
V  [libjvm.so+0xa2f43a]  VMError::report_and_die()+0x2ca
V  [libjvm.so+0x4b2d5b]  report_vm_out_of_memory(char const*, int, unsigned long, VMErrorType, char const*)+0x8b
V  [libjvm.so+0x89e443]  os::Linux::commit_memory_impl(char*, unsigned long, bool)+0x103
V  [libjvm.so+0x89e999]  os::pd_commit_memory(char*, unsigned long, unsigned long, bool)+0x29
V  [libjvm.so+0x89863a]  os::commit_memory(char*, unsigned long, unsigned long, bool)+0x2a
V  [libjvm.so+0x909243]  PSVirtualSpace::expand_by(unsigned long)+0x53
V  [libjvm.so+0x90a648]  PSYoungGen::resize_generation(unsigned long, unsigned long)+0xf8
V  [libjvm.so+0x9097a2]  PSYoungGen::resize(unsigned long, unsigned long)+0x22
V  [libjvm.so+0x906aff]  PSScavenge::invoke_no_policy()+0xf0f
V  [libjvm.so+0x907271]  PSScavenge::invoke()+0x41
V  [libjvm.so+0x8bfed0]  ParallelScavengeHeap::failed_mem_allocate(unsigned long)+0x70
V  [libjvm.so+0xa30af7]  VM_ParallelGCFailedAllocation::doit()+0x97
V  [libjvm.so+0xa38215]  VM_Operation::evaluate()+0x55
V  [libjvm.so+0xa3660a]  VMThread::evaluate_operation(VM_Operation*)+0xba
V  [libjvm.so+0xa3698e]  VMThread::loop()+0x1ce
V  [libjvm.so+0xa36e00]  VMThread::run()+0x70
V  [libjvm.so+0x8a00c8]  java_start(Thread*)+0x108

VM_Operation (0x00007f3b059e6b70): ParallelGCFailedAllocation, mode: safepoint, requested by thread 0x00007f3afc00a000


---------------  P R O C E S S  ---------------

Java Threads: ( => current thread )
  0x00007f3afc0c8000 JavaThread "Service Thread" daemon [_thread_blocked, id=10043, stack(0x00007f3ae650a000,0x00007f3ae660b000)]
  0x00007f3afc0b2800 JavaThread "C1 CompilerThread2" daemon [_thread_blocked, id=10042, stack(0x00007f3ae660b000,0x00007f3ae670c000)]
  0x00007f3afc0b0800 JavaThread "C2 CompilerThread1" daemon [_thread_blocked, id=10041, stack(0x00007f3ae670c000,0x00007f3ae680d000)]
  0x00007f3afc0ae000 JavaThread "C2 CompilerThread0" daemon [_thread_blocked, id=10040, stack(0x00007f3ae680d000,0x00007f3ae690e000)]
  0x00007f3afc0ab800 JavaThread "Signal Dispatcher" daemon [_thread_blocked, id=10039, stack(0x00007f3ae690e000,0x00007f3ae6a0f000)]
  0x00007f3afc07c800 JavaThread "Finalizer" daemon [_thread_blocked, id=10038, stack(0x00007f3ae70f1000,0x00007f3ae71f2000)]
  0x00007f3afc078800 JavaThread "Reference Handler" daemon [_thread_blocked, id=10037, stack(0x00007f3ae71f2000,0x00007f3ae72f3000)]
  0x00007f3afc00a000 JavaThread "main" [_thread_blocked, id=10031, stack(0x00007f3b058e8000,0x00007f3b059e9000)]

Other Threads:
=>0x00007f3afc073800 VMThread [stack: 0x00007f3ae72f3000,0x00007f3ae73f4000] [id=10036]
  0x00007f3afc0cb000 WatcherThread [stack: 0x00007f3ae6409000,0x00007f3ae650a000] [id=10044]

VM state:at safepoint (normal execution)

VM Mutex/Monitor currently owned by a thread:  ([mutex/lock_event])
[0x00007f3afc006510] Threads_lock - owner thread: 0x00007f3afc073800
[0x00007f3afc006a10] Heap_lock - owner thread: 0x00007f3afc00a000

Heap:
 PSYoungGen      total 24576K, used 3294K [0x00000000eab00000, 0x00000000ec700000, 0x0000000100000000)
  eden space 20992K, 0% used [0x00000000eab00000,0x00000000eab00000,0x00000000ebf80000)
  from space 3584K, 91% used [0x00000000ebf80000,0x00000000ec2b7950,0x00000000ec300000)
  to   space 3072K, 0% used [0x00000000ec300000,0x00000000ec300000,0x00000000ec600000)
 ParOldGen       total 92672K, used 9936K [0x00000000c0000000, 0x00000000c5a80000, 0x00000000eab00000)
  object space 92672K, 10% used [0x00000000c0000000,0x00000000c09b41d8,0x00000000c5a80000)
 Metaspace       used 5578K, capacity 6896K, committed 7040K, reserved 1056768K
  class space    used 551K, capacity 616K, committed 640K, reserved 1048576K

Card table byte_map: [0x00007f3b02567000,0x00007f3b02768000] byte_map_base: 0x00007f3b01f67000

Marking Bits: (ParMarkBitMap*) 0x00007f3b04dc1cc0
 Begin Bits: [0x00007f3b0000d000, 0x00007f3b0100d000)
 End Bits:   [0x00007f3b0100d000, 0x00007f3b0200d000)

Polling page: 0x00007f3b05a09000

CodeCache: size=245760Kb used=6318Kb max_used=6336Kb free=239441Kb
 bounds [0x00007f3aed000000, 0x00007f3aed640000, 0x00007f3afc000000]
 total_blobs=1842 nmethods=1583 adapters=174
 compilation: enabled

Compilation events (10 events):
Event: 6.896 Thread 0x00007f3afc0ae000 nmethod 1597 0x00007f3aed61e150 code [0x00007f3aed61e2a0, 0x00007f3aed61e3d8]
Event: 6.900 Thread 0x00007f3afc0ae000 1584       4       com.android.dx.ssa.LocalVariableExtractor::processBlock (383 bytes)
Event: 6.956 Thread 0x00007f3afc0b2800 1605       1       com.android.dx.dex.file.DexFile::getStringIds (5 bytes)
Event: 6.960 Thread 0x00007f3afc0b2800 nmethod 1605 0x00007f3aed61de90 code [0x00007f3aed61dfe0, 0x00007f3aed61e0f0]
Event: 6.976 Thread 0x00007f3afc0b2800 1606       2       com.android.dx.rop.cst.CstString::<init> (42 bytes)
Event: 6.977 Thread 0x00007f3afc0b2800 nmethod 1606 0x00007f3aed61d850 code [0x00007f3aed61d9e0, 0x00007f3aed61dcd8]
Event: 7.525 Thread 0x00007f3afc0b0800 nmethod 1586 0x00007f3aed631450 code [0x00007f3aed631800, 0x00007f3aed6338a0]
Event: 7.529 Thread 0x00007f3afc0b0800 1603       4       com.android.dx.ssa.SsaRenamer$BlockRenamer::process (191 bytes)
Event: 7.582 Thread 0x00007f3afc0b2800 1607       2       com.android.dx.rop.cst.CstFieldRef::<init> (7 bytes)
Event: 7.583 Thread 0x00007f3afc0b2800 nmethod 1607 0x00007f3aed61d4d0 code [0x00007f3aed61d640, 0x00007f3aed61d7a8]

GC Heap History (10 events):
Event: 2.285 GC heap after
Heap after GC invocations=8 (full 0):
 PSYoungGen      total 10240K, used 1856K [0x00000000eab00000, 0x00000000eb700000, 0x0000000100000000)
  eden space 8192K, 0% used [0x00000000eab00000,0x00000000eab00000,0x00000000eb300000)
  from space 2048K, 90% used [0x00000000eb500000,0x00000000eb6d0018,0x00000000eb700000)
  to   space 2048K, 0% used [0x00000000eb300000,0x00000000eb300000,0x00000000eb500000)
 ParOldGen       total 92672K, used 1753K [0x00000000c0000000, 0x00000000c5a80000, 0x00000000eab00000)
  object space 92672K, 1% used [0x00000000c0000000,0x00000000c01b65d0,0x00000000c5a80000)
 Metaspace       used 5251K, capacity 6640K, committed 6784K, reserved 1056768K
  class space    used 543K, capacity 616K, committed 640K, reserved 1048576K
}
Event: 3.080 GC heap before
{Heap before GC invocations=9 (full 0):
 PSYoungGen      total 10240K, used 10048K [0x00000000eab00000, 0x00000000eb700000, 0x0000000100000000)
  eden space 8192K, 100% used [0x00000000eab00000,0x00000000eb300000,0x00000000eb300000)
  from space 2048K, 90% used [0x00000000eb500000,0x00000000eb6d0018,0x00000000eb700000)
  to   space 2048K, 0% used [0x00000000eb300000,0x00000000eb300000,0x00000000eb500000)
 ParOldGen       total 92672K, used 1753K [0x00000000c0000000, 0x00000000c5a80000, 0x00000000eab00000)
  object space 92672K, 1% used [0x00000000c0000000,0x00000000c01b65d0,0x00000000c5a80000)
 Metaspace       used 5377K, capacity 6768K, committed 7040K, reserved 1056768K
  class space    used 545K, capacity 616K, committed 640K, reserved 1048576K
Event: 3.101 GC heap after
Heap after GC invocations=9 (full 0):
 PSYoungGen      total 10240K, used 2040K [0x00000000eab00000, 0x00000000ebe00000, 0x0000000100000000)
  eden space 8192K, 0% used [0x00000000eab00000,0x00000000eab00000,0x00000000eb300000)
  from space 2048K, 99% used [0x00000000eb300000,0x00000000eb4fe0a0,0x00000000eb500000)
  to   space 3072K, 0% used [0x00000000ebb00000,0x00000000ebb00000,0x00000000ebe00000)
 ParOldGen       total 92672K, used 2917K [0x00000000c0000000, 0x00000000c5a80000, 0x00000000eab00000)
  object space 92672K, 3% used [0x00000000c0000000,0x00000000c02d9678,0x00000000c5a80000)
 Metaspace       used 5377K, capacity 6768K, committed 7040K, reserved 1056768K
  class space    used 545K, capacity 616K, committed 640K, reserved 1048576K
}
Event: 3.629 GC heap before
{Heap before GC invocations=10 (full 0):
 PSYoungGen      total 10240K, used 10232K [0x00000000eab00000, 0x00000000ebe00000, 0x0000000100000000)
  eden space 8192K, 100% used [0x00000000eab00000,0x00000000eb300000,0x00000000eb300000)
  from space 2048K, 99% used [0x00000000eb300000,0x00000000eb4fe0a0,0x00000000eb500000)
  to   space 3072K, 0% used [0x00000000ebb00000,0x00000000ebb00000,0x00000000ebe00000)
 ParOldGen       total 92672K, used 2917K [0x00000000c0000000, 0x00000000c5a80000, 0x00000000eab00000)
  object space 92672K, 3% used [0x00000000c0000000,0x00000000c02d9678,0x00000000c5a80000)
 Metaspace       used 5446K, capacity 6768K, committed 7040K, reserved 1056768K
  class space    used 547K, capacity 616K, committed 640K, reserved 1048576K
Event: 3.642 GC heap after
Heap after GC invocations=10 (full 0):
 PSYoungGen      total 16384K, used 1888K [0x00000000eab00000, 0x00000000ebe00000, 0x0000000100000000)
  eden space 13312K, 0% used [0x00000000eab00000,0x00000000eab00000,0x00000000eb800000)
  from space 3072K, 61% used [0x00000000ebb00000,0x00000000ebcd8010,0x00000000ebe00000)
  to   space 3072K, 0% used [0x00000000eb800000,0x00000000eb800000,0x00000000ebb00000)
 ParOldGen       total 92672K, used 4103K [0x00000000c0000000, 0x00000000c5a80000, 0x00000000eab00000)
  object space 92672K, 4% used [0x00000000c0000000,0x00000000c0401db0,0x00000000c5a80000)
 Metaspace       used 5446K, capacity 6768K, committed 7040K, reserved 1056768K
  class space    used 547K, capacity 616K, committed 640K, reserved 1048576K
}
Event: 4.373 GC heap before
{Heap before GC invocations=11 (full 0):
 PSYoungGen      total 16384K, used 15200K [0x00000000eab00000, 0x00000000ebe00000, 0x0000000100000000)
  eden space 13312K, 100% used [0x00000000eab00000,0x00000000eb800000,0x00000000eb800000)
  from space 3072K, 61% used [0x00000000ebb00000,0x00000000ebcd8010,0x00000000ebe00000)
  to   space 3072K, 0% used [0x00000000eb800000,0x00000000eb800000,0x00000000ebb00000)
 ParOldGen       total 92672K, used 4103K [0x00000000c0000000, 0x00000000c5a80000, 0x00000000eab00000)
  object space 92672K, 4% used [0x00000000c0000000,0x00000000c0401db0,0x00000000c5a80000)
 Metaspace       used 5489K, capacity 6832K, committed 7040K, reserved 1056768K
  class space    used 547K, capacity 616K, committed 640K, reserved 1048576K
Event: 4.391 GC heap after
Heap after GC invocations=11 (full 0):
 PSYoungGen      total 16384K, used 2208K [0x00000000eab00000, 0x00000000ec600000, 0x0000000100000000)
  eden space 13312K, 0% used [0x00000000eab00000,0x00000000eab00000,0x00000000eb800000)
  from space 3072K, 71% used [0x00000000eb800000,0x00000000eba28000,0x00000000ebb00000)
  to   space 3072K, 0% used [0x00000000ec300000,0x00000000ec300000,0x00000000ec600000)
 ParOldGen       total 92672K, used 5937K [0x00000000c0000000, 0x00000000c5a80000, 0x00000000eab00000)
  object space 92672K, 6% used [0x00000000c0000000,0x00000000c05cc578,0x00000000c5a80000)
 Metaspace       used 5489K, capacity 6832K, committed 7040K, reserved 1056768K
  class space    used 547K, capacity 616K, committed 640K, reserved 1048576K
}
Event: 4.919 GC heap before
{Heap before GC invocations=12 (full 0):
 PSYoungGen      total 16384K, used 15520K [0x00000000eab00000, 0x00000000ec600000, 0x0000000100000000)
  eden space 13312K, 100% used [0x00000000eab00000,0x00000000eb800000,0x00000000eb800000)
  from space 3072K, 71% used [0x00000000eb800000,0x00000000eba28000,0x00000000ebb00000)
  to   space 3072K, 0% used [0x00000000ec300000,0x00000000ec300000,0x00000000ec600000)
 ParOldGen       total 92672K, used 5937K [0x00000000c0000000, 0x00000000c5a80000, 0x00000000eab00000)
  object space 92672K, 6% used [0x00000000c0000000,0x00000000c05cc578,0x00000000c5a80000)
 Metaspace       used 5563K, capacity 6896K, committed 7040K, reserved 1056768K
  class space    used 551K, capacity 616K, committed 640K, reserved 1048576K
Event: 4.937 GC heap after
Heap after GC invocations=12 (full 0):
 PSYoungGen      total 24064K, used 2194K [0x00000000eab00000, 0x00000000ec700000, 0x0000000100000000)
  eden space 20992K, 0% used [0x00000000eab00000,0x00000000eab00000,0x00000000ebf80000)
  from space 3072K, 71% used [0x00000000ec300000,0x00000000ec524850,0x00000000ec600000)
  to   space 3584K, 0% used [0x00000000ebf80000,0x00000000ebf80000,0x00000000ec300000)
 ParOldGen       total 92672K, used 7975K [0x00000000c0000000, 0x00000000c5a80000, 0x00000000eab00000)
  object space 92672K, 8% used [0x00000000c0000000,0x00000000c07c9dc8,0x00000000c5a80000)
 Metaspace       used 5563K, capacity 6896K, committed 7040K, reserved 1056768K
  class space    used 551K, capacity 616K, committed 640K, reserved 1048576K
}
Event: 7.805 GC heap before
{Heap before GC invocations=13 (full 0):
 PSYoungGen      total 24064K, used 23186K [0x00000000eab00000, 0x00000000ec700000, 0x0000000100000000)
  eden space 20992K, 100% used [0x00000000eab00000,0x00000000ebf80000,0x00000000ebf80000)
  from space 3072K, 71% used [0x00000000ec300000,0x00000000ec524850,0x00000000ec600000)
  to   space 3584K, 0% used [0x00000000ebf80000,0x00000000ebf80000,0x00000000ec300000)
 ParOldGen       total 92672K, used 7975K [0x00000000c0000000, 0x00000000c5a80000, 0x00000000eab00000)
  object space 92672K, 8% used [0x00000000c0000000,0x00000000c07c9dc8,0x00000000c5a80000)
 Metaspace       used 5578K, capacity 6896K, committed 7040K, reserved 1056768K
  class space    used 551K, capacity 616K, committed 640K, reserved 1048576K

Deoptimization events (7 events):
Event: 3.441 Thread 0x00007f3afc00a000 Uncommon trap: reason=unreached action=reinterpret pc=0x00007f3aed37ff1c method=com.android.dx.rop.cst.Constant.compareTo(Lcom/android/dx/rop/cst/Constant;)I @ 12
Event: 3.933 Thread 0x00007f3afc00a000 Uncommon trap: reason=bimorphic action=maybe_recompile pc=0x00007f3aed53e168 method=com.android.dx.cf.code.BytecodeArray.parseInstruction(ILcom/android/dx/cf/code/BytecodeArray$Visitor;)I @ 939
Event: 3.933 Thread 0x00007f3afc00a000 Uncommon trap: reason=unreached action=reinterpret pc=0x00007f3aed53e528 method=com.android.dx.cf.code.BytecodeArray.parseInstruction(ILcom/android/dx/cf/code/BytecodeArray$Visitor;)I @ 1198
Event: 4.494 Thread 0x00007f3afc00a000 Uncommon trap: reason=unreached action=reinterpret pc=0x00007f3aed41a15c method=com.android.dx.ssa.SsaMethod.updateOneDefinition(Lcom/android/dx/ssa/SsaInsn;Lcom/android/dx/rop/code/RegisterSpec;)V @ 4
Event: 4.959 Thread 0x00007f3afc00a000 Uncommon trap: reason=unreached action=reinterpret pc=0x00007f3aed5f6ecc method=com.android.dx.ssa.SCCP.simulateBranch(Lcom/android/dx/ssa/SsaInsn;)V @ 132
Event: 6.144 Thread 0x00007f3afc00a000 Uncommon trap: reason=bimorphic action=maybe_recompile pc=0x00007f3aed223138 method=java.util.HashMap.getNode(ILjava/lang/Object;)Ljava/util/HashMap$Node; @ 126
Event: 6.294 Thread 0x00007f3afc00a000 Uncommon trap: reason=class_check action=maybe_recompile pc=0x00007f3aed5edd18 method=java.util.HashMap.putVal(ILjava/lang/Object;Ljava/lang/Object;ZZ)Ljava/lang/Object; @ 203

Internal exceptions (10 events):
Event: 2.466 Thread 0x00007f3afc00a000 Exception <a 'java/security/PrivilegedActionException'> (0x00000000eac7f890) thrown at [/HUDSON/workspace/8-2-build-linux-amd64/jdk8u5/2488/hotspot/src/share/vm/prims/jvm.cpp, line 1248]
Event: 2.467 Thread 0x00007f3afc00a000 Exception <a 'java/security/PrivilegedActionException'> (0x00000000eac81c98) thrown at [/HUDSON/workspace/8-2-build-linux-amd64/jdk8u5/2488/hotspot/src/share/vm/prims/jvm.cpp, line 1248]
Event: 2.558 Thread 0x00007f3afc00a000 Exception <a 'java/security/PrivilegedActionException'> (0x00000000ead4e180) thrown at [/HUDSON/workspace/8-2-build-linux-amd64/jdk8u5/2488/hotspot/src/share/vm/prims/jvm.cpp, line 1248]
Event: 3.593 Thread 0x00007f3afc00a000 Exception <a 'java/security/PrivilegedActionException'> (0x00000000eb28cd70) thrown at [/HUDSON/workspace/8-2-build-linux-amd64/jdk8u5/2488/hotspot/src/share/vm/prims/jvm.cpp, line 1248]
Event: 4.489 Thread 0x00007f3afc00a000 Exception <a 'java/security/PrivilegedActionException'> (0x00000000eac06310) thrown at [/HUDSON/workspace/8-2-build-linux-amd64/jdk8u5/2488/hotspot/src/share/vm/prims/jvm.cpp, line 1248]
Event: 4.812 Thread 0x00007f3afc00a000 Exception <a 'java/security/PrivilegedActionException'> (0x00000000eb4dc850) thrown at [/HUDSON/workspace/8-2-build-linux-amd64/jdk8u5/2488/hotspot/src/share/vm/prims/jvm.cpp, line 1248]
Event: 4.815 Thread 0x00007f3afc00a000 Exception <a 'java/security/PrivilegedActionException'> (0x00000000eb4deea8) thrown at [/HUDSON/workspace/8-2-build-linux-amd64/jdk8u5/2488/hotspot/src/share/vm/prims/jvm.cpp, line 1248]
Event: 4.862 Thread 0x00007f3afc00a000 Exception <a 'java/security/PrivilegedActionException'> (0x00000000eb6a3f20) thrown at [/HUDSON/workspace/8-2-build-linux-amd64/jdk8u5/2488/hotspot/src/share/vm/prims/jvm.cpp, line 1248]
Event: 4.863 Thread 0x00007f3afc00a000 Exception <a 'java/security/PrivilegedActionException'> (0x00000000eb6a97d0) thrown at [/HUDSON/workspace/8-2-build-linux-amd64/jdk8u5/2488/hotspot/src/share/vm/prims/jvm.cpp, line 1248]
Event: 4.864 Thread 0x00007f3afc00a000 Exception <a 'java/security/PrivilegedActionException'> (0x00000000eb6aee28) thrown at [/HUDSON/workspace/8-2-build-linux-amd64/jdk8u5/2488/hotspot/src/share/vm/prims/jvm.cpp, line 1248]

Events (10 events):
Event: 4.959 Thread 0x00007f3afc00a000 Uncommon trap: trap_request=0xffffffad fr.pc=0x00007f3aed5f6ecc
Event: 4.959 Thread 0x00007f3afc00a000 DEOPT PACKING pc=0x00007f3aed5f6ecc sp=0x00007f3b059e6bd0
Event: 4.959 Thread 0x00007f3afc00a000 DEOPT UNPACKING pc=0x00007f3aed047650 sp=0x00007f3b059e6ba8 mode 2
Event: 6.087 Thread 0x00007f3afc00a000 Uncommon trap: trap_request=0xffffffc6 fr.pc=0x00007f3aed223138
Event: 6.225 Thread 0x00007f3afc00a000 DEOPT PACKING pc=0x00007f3aed223138 sp=0x00007f3b059e6a10
Event: 6.284 Thread 0x00007f3afc00a000 DEOPT UNPACKING pc=0x00007f3aed047650 sp=0x00007f3b059e69a0 mode 2
Event: 6.289 Thread 0x00007f3afc00a000 Uncommon trap: trap_request=0xffffffde fr.pc=0x00007f3aed5edd18
Event: 6.294 Thread 0x00007f3afc00a000 DEOPT PACKING pc=0x00007f3aed5edd18 sp=0x00007f3b059e69e0
Event: 6.294 Thread 0x00007f3afc00a000 DEOPT UNPACKING pc=0x00007f3aed047650 sp=0x00007f3b059e6978 mode 2
Event: 7.679 Executing VM operation: ParallelGCFailedAllocation


Dynamic libraries:
00400000-00401000 r-xp 00000000 08:02 11667665                           /usr/lib/jvm/jdk1.8.0_05/bin/java
00600000-00601000 rw-p 00000000 08:02 11667665                           /usr/lib/jvm/jdk1.8.0_05/bin/java
01a98000-01ab9000 rw-p 00000000 00:00 0                                  [heap]
c0000000-c5a80000 rw-p 00000000 00:00 0 
c5a80000-eab00000 ---p 00000000 00:00 0 
eab00000-ec700000 rw-p 00000000 00:00 0 
ed400000-100000000 ---p 00000000 00:00 0 
100000000-1000a0000 rw-p 00000000 00:00 0 
1000a0000-140000000 ---p 00000000 00:00 0 
7f3ab0000000-7f3ab0021000 rw-p 00000000 00:00 0 
7f3ab0021000-7f3ab4000000 ---p 00000000 00:00 0 
7f3ab8000000-7f3ab8823000 rw-p 00000000 00:00 0 
7f3ab8823000-7f3abc000000 ---p 00000000 00:00 0 
7f3abc000000-7f3abc021000 rw-p 00000000 00:00 0 
7f3abc021000-7f3ac0000000 ---p 00000000 00:00 0 
7f3ac0000000-7f3ac06a1000 rw-p 00000000 00:00 0 
7f3ac06a1000-7f3ac4000000 ---p 00000000 00:00 0 
7f3ac4000000-7f3ac484f000 rw-p 00000000 00:00 0 
7f3ac484f000-7f3ac8000000 ---p 00000000 00:00 0 
7f3ac8000000-7f3ac8021000 rw-p 00000000 00:00 0 
7f3ac8021000-7f3acc000000 ---p 00000000 00:00 0 
7f3acc000000-7f3acc021000 rw-p 00000000 00:00 0 
7f3acc021000-7f3ad0000000 ---p 00000000 00:00 0 
7f3ad0000000-7f3ad026e000 rw-p 00000000 00:00 0 
7f3ad026e000-7f3ad4000000 ---p 00000000 00:00 0 
7f3ad4000000-7f3ad4021000 rw-p 00000000 00:00 0 
7f3ad4021000-7f3ad8000000 ---p 00000000 00:00 0 
7f3ad8000000-7f3ad8021000 rw-p 00000000 00:00 0 
7f3ad8021000-7f3adc000000 ---p 00000000 00:00 0 
7f3adc000000-7f3adc021000 rw-p 00000000 00:00 0 
7f3adc021000-7f3ae0000000 ---p 00000000 00:00 0 
7f3ae0000000-7f3ae0021000 rw-p 00000000 00:00 0 
7f3ae0021000-7f3ae4000000 ---p 00000000 00:00 0 
7f3ae6409000-7f3ae640a000 ---p 00000000 00:00 0 
7f3ae640a000-7f3ae650a000 rw-p 00000000 00:00 0                          [stack:10044]
7f3ae650a000-7f3ae650d000 ---p 00000000 00:00 0 
7f3ae650d000-7f3ae660b000 rw-p 00000000 00:00 0                          [stack:10043]
7f3ae660b000-7f3ae660e000 ---p 00000000 00:00 0 
7f3ae660e000-7f3ae670c000 rw-p 00000000 00:00 0                          [stack:10042]
7f3ae670c000-7f3ae670f000 ---p 00000000 00:00 0 
7f3ae670f000-7f3ae680d000 rw-p 00000000 00:00 0                          [stack:10041]
7f3ae680d000-7f3ae6810000 ---p 00000000 00:00 0 
7f3ae6810000-7f3ae690e000 rw-p 00000000 00:00 0                          [stack:10040]
7f3ae690e000-7f3ae6911000 ---p 00000000 00:00 0 
7f3ae6911000-7f3ae6a0f000 rw-p 00000000 00:00 0                          [stack:10039]
7f3ae6a0f000-7f3ae70f1000 r--p 00000000 08:02 7740231                    /usr/lib/locale/locale-archive
7f3ae70f1000-7f3ae70f4000 ---p 00000000 00:00 0 
7f3ae70f4000-7f3ae71f2000 rw-p 00000000 00:00 0                          [stack:10038]
7f3ae71f2000-7f3ae71f5000 ---p 00000000 00:00 0 
7f3ae71f5000-7f3ae72f3000 rw-p 00000000 00:00 0                          [stack:10037]
7f3ae72f3000-7f3ae72f4000 ---p 00000000 00:00 0 
7f3ae72f4000-7f3ae8000000 rw-p 00000000 00:00 0                          [stack:10036]
7f3ae8000000-7f3ae8021000 rw-p 00000000 00:00 0 
7f3ae8021000-7f3aec000000 ---p 00000000 00:00 0 
7f3aec000000-7f3aec3b5000 rw-p 00000000 00:00 0 
7f3aec3b5000-7f3aec58a000 r--s 03c4d000 08:02 11667745                   /usr/lib/jvm/jdk1.8.0_05/jre/lib/rt.jar
7f3aec58a000-7f3aecc40000 rw-p 00000000 00:00 0 
7f3aecc40000-7f3aece00000 ---p 00000000 00:00 0 
7f3aece00000-7f3aed000000 rw-p 00000000 00:00 0 
7f3aed000000-7f3aed640000 rwxp 00000000 00:00 0 
7f3aed640000-7f3afc000000 ---p 00000000 00:00 0 
7f3afc000000-7f3afc393000 rw-p 00000000 00:00 0 
7f3afc393000-7f3b00000000 ---p 00000000 00:00 0 
7f3b00003000-7f3b0000d000 r--s 00085000 00:1b 9323462                    /home/jimbo/AndroidStudioProjects/AndroidMtest/app/build/intermediates/exploded-aar/com.android.support/appcompat-v7/22.2.0/jars/classes.jar
7f3b0000d000-7f3b0200d000 rw-p 00000000 00:00 0 
7f3b0200d000-7f3b0200e000 ---p 00000000 00:00 0 
7f3b0200e000-7f3b0210e000 rw-p 00000000 00:00 0                          [stack:10035]
7f3b0210e000-7f3b0210f000 ---p 00000000 00:00 0 
7f3b0210f000-7f3b0220f000 rw-p 00000000 00:00 0                          [stack:10034]
7f3b0220f000-7f3b02210000 ---p 00000000 00:00 0 
7f3b02210000-7f3b02310000 rw-p 00000000 00:00 0                          [stack:10033]
7f3b02310000-7f3b02311000 ---p 00000000 00:00 0 
7f3b02311000-7f3b0243f000 rw-p 00000000 00:00 0                          [stack:10032]
7f3b0243f000-7f3b02567000 ---p 00000000 00:00 0 
7f3b02567000-7f3b02595000 rw-p 00000000 00:00 0 
7f3b02595000-7f3b026bc000 ---p 00000000 00:00 0 
7f3b026bc000-7f3b026cb000 rw-p 00000000 00:00 0 
7f3b026cb000-7f3b02767000 ---p 00000000 00:00 0 
7f3b02767000-7f3b02781000 rw-p 00000000 00:00 0 
7f3b02781000-7f3b02b28000 ---p 00000000 00:00 0 
7f3b02b28000-7f3b02b44000 r-xp 00000000 08:02 12852933                   /usr/lib/jvm/jdk1.8.0_05/jre/lib/amd64/libzip.so
7f3b02b44000-7f3b02d43000 ---p 0001c000 08:02 12852933                   /usr/lib/jvm/jdk1.8.0_05/jre/lib/amd64/libzip.so
7f3b02d43000-7f3b02d44000 rw-p 0001b000 08:02 12852933                   /usr/lib/jvm/jdk1.8.0_05/jre/lib/amd64/libzip.so
7f3b02d44000-7f3b02d4f000 r-xp 00000000 08:02 6433812                    /lib/x86_64-linux-gnu/libnss_files-2.19.so
7f3b02d4f000-7f3b02f4e000 ---p 0000b000 08:02 6433812                    /lib/x86_64-linux-gnu/libnss_files-2.19.so
7f3b02f4e000-7f3b02f4f000 r--p 0000a000 08:02 6433812                    /lib/x86_64-linux-gnu/libnss_files-2.19.so
7f3b02f4f000-7f3b02f50000 rw-p 0000b000 08:02 6433812                    /lib/x86_64-linux-gnu/libnss_files-2.19.so
7f3b02f50000-7f3b02f5b000 r-xp 00000000 08:02 6433833                    /lib/x86_64-linux-gnu/libnss_nis-2.19.so
7f3b02f5b000-7f3b0315a000 ---p 0000b000 08:02 6433833                    /lib/x86_64-linux-gnu/libnss_nis-2.19.so
7f3b0315a000-7f3b0315b000 r--p 0000a000 08:02 6433833                    /lib/x86_64-linux-gnu/libnss_nis-2.19.so
7f3b0315b000-7f3b0315c000 rw-p 0000b000 08:02 6433833                    /lib/x86_64-linux-gnu/libnss_nis-2.19.so
7f3b0315c000-7f3b03173000 r-xp 00000000 08:02 6433822                    /lib/x86_64-linux-gnu/libnsl-2.19.so
7f3b03173000-7f3b03372000 ---p 00017000 08:02 6433822                    /lib/x86_64-linux-gnu/libnsl-2.19.so
7f3b03372000-7f3b03373000 r--p 00016000 08:02 6433822                    /lib/x86_64-linux-gnu/libnsl-2.19.so
7f3b03373000-7f3b03374000 rw-p 00017000 08:02 6433822                    /lib/x86_64-linux-gnu/libnsl-2.19.so
7f3b03374000-7f3b03376000 rw-p 00000000 00:00 0 
7f3b03376000-7f3b0337f000 r-xp 00000000 08:02 6433821                    /lib/x86_64-linux-gnu/libnss_compat-2.19.so
7f3b0337f000-7f3b0357e000 ---p 00009000 08:02 6433821                    /lib/x86_64-linux-gnu/libnss_compat-2.19.so
7f3b0357e000-7f3b0357f000 r--p 00008000 08:02 6433821                    /lib/x86_64-linux-gnu/libnss_compat-2.19.so
7f3b0357f000-7f3b03580000 rw-p 00009000 08:02 6433821                    /lib/x86_64-linux-gnu/libnss_compat-2.19.so
7f3b03580000-7f3b035aa000 r-xp 00000000 08:02 12852904                   /usr/lib/jvm/jdk1.8.0_05/jre/lib/amd64/libjava.so
7f3b035aa000-7f3b037aa000 ---p 0002a000 08:02 12852904                   /usr/lib/jvm/jdk1.8.0_05/jre/lib/amd64/libjava.so
7f3b037aa000-7f3b037ac000 rw-p 0002a000 08:02 12852904                   /usr/lib/jvm/jdk1.8.0_05/jre/lib/amd64/libjava.so
7f3b037ac000-7f3b037b9000 r-xp 00000000 08:02 12852915                   /usr/lib/jvm/jdk1.8.0_05/jre/lib/amd64/libverify.so
7f3b037b9000-7f3b039b9000 ---p 0000d000 08:02 12852915                   /usr/lib/jvm/jdk1.8.0_05/jre/lib/amd64/libverify.so
7f3b039b9000-7f3b039bb000 rw-p 0000d000 08:02 12852915                   /usr/lib/jvm/jdk1.8.0_05/jre/lib/amd64/libverify.so
7f3b039bb000-7f3b039c2000 r-xp 00000000 08:02 6433830                    /lib/x86_64-linux-gnu/librt-2.19.so
7f3b039c2000-7f3b03bc1000 ---p 00007000 08:02 6433830                    /lib/x86_64-linux-gnu/librt-2.19.so
7f3b03bc1000-7f3b03bc2000 r--p 00006000 08:02 6433830                    /lib/x86_64-linux-gnu/librt-2.19.so
7f3b03bc2000-7f3b03bc3000 rw-p 00007000 08:02 6433830                    /lib/x86_64-linux-gnu/librt-2.19.so
7f3b03bc3000-7f3b03cc8000 r-xp 00000000 08:02 6426604                    /lib/x86_64-linux-gnu/libm-2.19.so
7f3b03cc8000-7f3b03ec7000 ---p 00105000 08:02 6426604                    /lib/x86_64-linux-gnu/libm-2.19.so
7f3b03ec7000-7f3b03ec8000 r--p 00104000 08:02 6426604                    /lib/x86_64-linux-gnu/libm-2.19.so
7f3b03ec8000-7f3b03ec9000 rw-p 00105000 08:02 6426604                    /lib/x86_64-linux-gnu/libm-2.19.so
7f3b03ec9000-7f3b04ae3000 r-xp 00000000 08:02 12852923                   /usr/lib/jvm/jdk1.8.0_05/jre/lib/amd64/server/libjvm.so
7f3b04ae3000-7f3b04ce2000 ---p 00c1a000 08:02 12852923                   /usr/lib/jvm/jdk1.8.0_05/jre/lib/amd64/server/libjvm.so
7f3b04ce2000-7f3b04dab000 rw-p 00c19000 08:02 12852923                   /usr/lib/jvm/jdk1.8.0_05/jre/lib/amd64/server/libjvm.so
7f3b04dab000-7f3b04dec000 rw-p 00000000 00:00 0 
7f3b04dec000-7f3b04fa7000 r-xp 00000000 08:02 6433827                    /lib/x86_64-linux-gnu/libc-2.19.so
7f3b04fa7000-7f3b051a6000 ---p 001bb000 08:02 6433827                    /lib/x86_64-linux-gnu/libc-2.19.so
7f3b051a6000-7f3b051aa000 r--p 001ba000 08:02 6433827                    /lib/x86_64-linux-gnu/libc-2.19.so
7f3b051aa000-7f3b051ac000 rw-p 001be000 08:02 6433827                    /lib/x86_64-linux-gnu/libc-2.19.so
7f3b051ac000-7f3b051b1000 rw-p 00000000 00:00 0 
7f3b051b1000-7f3b051b4000 r-xp 00000000 08:02 6433816                    /lib/x86_64-linux-gnu/libdl-2.19.so
7f3b051b4000-7f3b053b3000 ---p 00003000 08:02 6433816                    /lib/x86_64-linux-gnu/libdl-2.19.so
7f3b053b3000-7f3b053b4000 r--p 00002000 08:02 6433816                    /lib/x86_64-linux-gnu/libdl-2.19.so
7f3b053b4000-7f3b053b5000 rw-p 00003000 08:02 6433816                    /lib/x86_64-linux-gnu/libdl-2.19.so
7f3b053b5000-7f3b053cc000 r-xp 00000000 08:02 12853555                   /usr/lib/jvm/jdk1.8.0_05/lib/amd64/jli/libjli.so
7f3b053cc000-7f3b055cb000 ---p 00017000 08:02 12853555                   /usr/lib/jvm/jdk1.8.0_05/lib/amd64/jli/libjli.so
7f3b055cb000-7f3b055cc000 rw-p 00016000 08:02 12853555                   /usr/lib/jvm/jdk1.8.0_05/lib/amd64/jli/libjli.so
7f3b055cc000-7f3b055e5000 r-xp 00000000 08:02 6433828                    /lib/x86_64-linux-gnu/libpthread-2.19.so
7f3b055e5000-7f3b057e4000 ---p 00019000 08:02 6433828                    /lib/x86_64-linux-gnu/libpthread-2.19.so
7f3b057e4000-7f3b057e5000 r--p 00018000 08:02 6433828                    /lib/x86_64-linux-gnu/libpthread-2.19.so
7f3b057e5000-7f3b057e6000 rw-p 00019000 08:02 6433828                    /lib/x86_64-linux-gnu/libpthread-2.19.so
7f3b057e6000-7f3b057ea000 rw-p 00000000 00:00 0 
7f3b057ea000-7f3b0580d000 r-xp 00000000 08:02 6433824                    /lib/x86_64-linux-gnu/ld-2.19.so
7f3b0580f000-7f3b058e8000 rw-p 00000000 00:00 0 
7f3b058e8000-7f3b058eb000 ---p 00000000 00:00 0 
7f3b058eb000-7f3b059ed000 rw-p 00000000 00:00 0                          [stack:10031]
7f3b059ef000-7f3b059f0000 rw-p 00000000 00:00 0 
7f3b059f0000-7f3b059f1000 r--p 00000000 08:02 9324032                    /usr/share/locale-langpack/en_GB/LC_MESSAGES/libc.mo
7f3b059f1000-7f3b05a00000 r--s 000dd000 08:02 4985631                    /opt/android-sdk-linux/build-tools/22.0.1/lib/dx.jar
7f3b05a00000-7f3b05a08000 rw-s 00000000 08:02 6291495                    /tmp/hsperfdata_jimbo/10027
7f3b05a08000-7f3b05a09000 rw-p 00000000 00:00 0 
7f3b05a09000-7f3b05a0a000 ---p 00000000 00:00 0 
7f3b05a0a000-7f3b05a0c000 rw-p 00000000 00:00 0 
7f3b05a0c000-7f3b05a0d000 r--p 00022000 08:02 6433824                    /lib/x86_64-linux-gnu/ld-2.19.so
7f3b05a0d000-7f3b05a0e000 rw-p 00023000 08:02 6433824                    /lib/x86_64-linux-gnu/ld-2.19.so
7f3b05a0e000-7f3b05a0f000 rw-p 00000000 00:00 0 
7ffd2219d000-7ffd221be000 rw-p 00000000 00:00 0                          [stack]
7ffd221cd000-7ffd221cf000 r-xp 00000000 00:00 0                          [vdso]
ffffffffff600000-ffffffffff601000 r-xp 00000000 00:00 0                  [vsyscall]

VM Arguments:
jvm_args: -Xmx1024M -Dfile.encoding=UTF-8 -Duser.country=GB -Duser.language=en -Duser.variant 
java_command: com.android.dx.command.Main --dex --output /home/jimbo/AndroidStudioProjects/AndroidMtest/app/build/intermediates/pre-dexed/debug/classes-a05e818fa617cc0245976c1266247f62c8121ccd.jar /home/jimbo/AndroidStudioProjects/AndroidMtest/app/build/intermediates/exploded-aar/com.android.support/appcompat-v7/22.2.0/jars/classes.jar
java_class_path (initial): /opt/android-sdk-linux/build-tools/22.0.1/lib/dx.jar
Launcher Type: SUN_STANDARD

Environment Variables:
PATH=/usr/local/sbin:/usr/local/bin:/usr/sbin:/usr/bin:/sbin:/bin:/usr/games:/usr/local/games
LD_LIBRARY_PATH=/opt/android-studio/bin:
SHELL=/bin/bash
DISPLAY=:0

Signal Handlers:
SIGSEGV: [libjvm.so+0xa2fc90], sa_mask[0]=0x7ffbfeff, sa_flags=0x10000004
SIGBUS: [libjvm.so+0xa2fc90], sa_mask[0]=0x7ffbfeff, sa_flags=0x10000004
SIGFPE: [libjvm.so+0x89b4b0], sa_mask[0]=0x7ffbfeff, sa_flags=0x10000004
SIGPIPE: [libjvm.so+0x89b4b0], sa_mask[0]=0x7ffbfeff, sa_flags=0x10000004
SIGXFSZ: [libjvm.so+0x89b4b0], sa_mask[0]=0x7ffbfeff, sa_flags=0x10000004
SIGILL: [libjvm.so+0x89b4b0], sa_mask[0]=0x7ffbfeff, sa_flags=0x10000004
SIGUSR1: SIG_DFL, sa_mask[0]=0x00000000, sa_flags=0x00000000
SIGUSR2: [libjvm.so+0x89cc50], sa_mask[0]=0x00000004, sa_flags=0x10000004
SIGHUP: [libjvm.so+0x89df00], sa_mask[0]=0x7ffbfeff, sa_flags=0x10000004
SIGINT: [libjvm.so+0x89df00], sa_mask[0]=0x7ffbfeff, sa_flags=0x10000004
SIGTERM: [libjvm.so+0x89df00], sa_mask[0]=0x7ffbfeff, sa_flags=0x10000004
SIGQUIT: [libjvm.so+0x89df00], sa_mask[0]=0x7ffbfeff, sa_flags=0x10000004


---------------  S Y S T E M  ---------------

OS:DISTRIB_ID=Ubuntu
DISTRIB_RELEASE=14.04
DISTRIB_CODENAME=trusty
DISTRIB_DESCRIPTION="Ubuntu 14.04.2 LTS"

uname:Linux 3.13.0-53-generic #89-Ubuntu SMP Wed May 20 10:34:39 UTC 2015 x86_64
libc:glibc 2.19 NPTL 2.19 
rlimit: STACK 8192k, CORE 0k, NPROC 45201, NOFILE 4096, AS infinity
load average:4.05 1.30 0.86

/proc/meminfo:
MemTotal:        5995628 kB
MemFree:          507412 kB
Buffers:             516 kB
Cached:           795088 kB
SwapCached:            0 kB
Active:          4479080 kB
Inactive:         789744 kB
Active(anon):    4478700 kB
Inactive(anon):   764504 kB
Active(file):        380 kB
Inactive(file):    25240 kB
Unevictable:         144 kB
Mlocked:             144 kB
SwapTotal:             0 kB
SwapFree:              0 kB
Dirty:                 0 kB
Writeback:             0 kB
AnonPages:       4473516 kB
Mapped:           278976 kB
Shmem:            769832 kB
Slab:              85320 kB
SReclaimable:      36580 kB
SUnreclaim:        48740 kB
KernelStack:        6152 kB
PageTables:        49340 kB
NFS_Unstable:          0 kB
Bounce:                0 kB
WritebackTmp:          0 kB
CommitLimit:     2997812 kB
Committed_AS:   10771540 kB
VmallocTotal:   34359738367 kB
VmallocUsed:      411228 kB
VmallocChunk:   34359301216 kB
HardwareCorrupted:     0 kB
AnonHugePages:    679936 kB
HugePages_Total:       0
HugePages_Free:        0
HugePages_Rsvd:        0
HugePages_Surp:        0
Hugepagesize:       2048 kB
DirectMap4k:      118740 kB
DirectMap2M:     6055936 kB


CPU:total 4 (2 cores per cpu, 2 threads per core) family 6 model 58 stepping 9, cmov, cx8, fxsr, mmx, sse, sse2, sse3, ssse3, sse4.1, sse4.2, popcnt, avx, aes, clmul, erms, ht, tsc, tscinvbit

/proc/cpuinfo:
processor	: 0
vendor_id	: GenuineIntel
cpu family	: 6
model		: 58
model name	: Intel(R) Core(TM) i7-3517U CPU @ 1.90GHz
stepping	: 9
microcode	: 0x15
cpu MHz		: 1900.000
cache size	: 4096 KB
physical id	: 0
siblings	: 4
core id		: 0
cpu cores	: 2
apicid		: 0
initial apicid	: 0
fpu		: yes
fpu_exception	: yes
cpuid level	: 13
wp		: yes
flags		: fpu vme de pse tsc msr pae mce cx8 apic sep mtrr pge mca cmov pat pse36 clflush dts acpi mmx fxsr sse sse2 ss ht tm pbe syscall nx rdtscp lm constant_tsc arch_perfmon pebs bts rep_good nopl xtopology nonstop_tsc aperfmperf eagerfpu pni pclmulqdq dtes64 monitor ds_cpl vmx est tm2 ssse3 cx16 xtpr pdcm pcid sse4_1 sse4_2 x2apic popcnt tsc_deadline_timer aes xsave avx f16c rdrand lahf_lm ida arat epb xsaveopt pln pts dtherm tpr_shadow vnmi flexpriority ept vpid fsgsbase smep erms
bogomips	: 4789.16
clflush size	: 64
cache_alignment	: 64
address sizes	: 36 bits physical, 48 bits virtual
power management:

processor	: 1
vendor_id	: GenuineIntel
cpu family	: 6
model		: 58
model name	: Intel(R) Core(TM) i7-3517U CPU @ 1.90GHz
stepping	: 9
microcode	: 0x15
cpu MHz		: 1900.000
cache size	: 4096 KB
physical id	: 0
siblings	: 4
core id		: 1
cpu cores	: 2
apicid		: 2
initial apicid	: 2
fpu		: yes
fpu_exception	: yes
cpuid level	: 13
wp		: yes
flags		: fpu vme de pse tsc msr pae mce cx8 apic sep mtrr pge mca cmov pat pse36 clflush dts acpi mmx fxsr sse sse2 ss ht tm pbe syscall nx rdtscp lm constant_tsc arch_perfmon pebs bts rep_good nopl xtopology nonstop_tsc aperfmperf eagerfpu pni pclmulqdq dtes64 monitor ds_cpl vmx est tm2 ssse3 cx16 xtpr pdcm pcid sse4_1 sse4_2 x2apic popcnt tsc_deadline_timer aes xsave avx f16c rdrand lahf_lm ida arat epb xsaveopt pln pts dtherm tpr_shadow vnmi flexpriority ept vpid fsgsbase smep erms
bogomips	: 4789.16
clflush size	: 64
cache_alignment	: 64
address sizes	: 36 bits physical, 48 bits virtual
power management:

processor	: 2
vendor_id	: GenuineIntel
cpu family	: 6
model		: 58
model name	: Intel(R) Core(TM) i7-3517U CPU @ 1.90GHz
stepping	: 9
microcode	: 0x15
cpu MHz		: 1900.000
cache size	: 4096 KB
physical id	: 0
siblings	: 4
core id		: 0
cpu cores	: 2
apicid		: 1
initial apicid	: 1
fpu		: yes
fpu_exception	: yes
cpuid level	: 13
wp		: yes
flags		: fpu vme de pse tsc msr pae mce cx8 apic sep mtrr pge mca cmov pat pse36 clflush dts acpi mmx fxsr sse sse2 ss ht tm pbe syscall nx rdtscp lm constant_tsc arch_perfmon pebs bts rep_good nopl xtopology nonstop_tsc aperfmperf eagerfpu pni pclmulqdq dtes64 monitor ds_cpl vmx est tm2 ssse3 cx16 xtpr pdcm pcid sse4_1 sse4_2 x2apic popcnt tsc_deadline_timer aes xsave avx f16c rdrand lahf_lm ida arat epb xsaveopt pln pts dtherm tpr_shadow vnmi flexpriority ept vpid fsgsbase smep erms
bogomips	: 4789.16
clflush size	: 64
cache_alignment	: 64
address sizes	: 36 bits physical, 48 bits virtual
power management:

processor	: 3
vendor_id	: GenuineIntel
cpu family	: 6
model		: 58
model name	: Intel(R) Core(TM) i7-3517U CPU @ 1.90GHz
stepping	: 9
microcode	: 0x15
cpu MHz		: 1900.000
cache size	: 4096 KB
physical id	: 0
siblings	: 4
core id		: 1
cpu cores	: 2
apicid		: 3
initial apicid	: 3
fpu		: yes
fpu_exception	: yes
cpuid level	: 13
wp		: yes
flags		: fpu vme de pse tsc msr pae mce cx8 apic sep mtrr pge mca cmov pat pse36 clflush dts acpi mmx fxsr sse sse2 ss ht tm pbe syscall nx rdtscp lm constant_tsc arch_perfmon pebs bts rep_good nopl xtopology nonstop_tsc aperfmperf eagerfpu pni pclmulqdq dtes64 monitor ds_cpl vmx est tm2 ssse3 cx16 xtpr pdcm pcid sse4_1 sse4_2 x2apic popcnt tsc_deadline_timer aes xsave avx f16c rdrand lahf_lm ida arat epb xsaveopt pln pts dtherm tpr_shadow vnmi flexpriority ept vpid fsgsbase smep erms
bogomips	: 4789.16
clflush size	: 64
cache_alignment	: 64
address sizes	: 36 bits physical, 48 bits virtual
power management:



Memory: 4k page, physical 5995628k(506420k free), swap 0k(0k free)

vm_info: Java HotSpot(TM) 64-Bit Server VM (25.5-b02) for linux-amd64 JRE (1.8.0_05-b13), built on Mar 18 2014 00:29:27 by "java_re" with gcc 4.3.0 20080428 (Red Hat 4.3.0-8)

time: Sat May 30 23:21:01 2015
elapsed time: 9 seconds

